<?xml version="1.0" encoding="UTF-8"?>
<testsuite xmlns:xsi="http://www.w3.org/2001/XMLSchema-instance" xsi:noNamespaceSchemaLocation="https://maven.apache.org/surefire/maven-surefire-plugin/xsd/surefire-test-report.xsd" name="ua.lviv.iot.toolShop.manager.TestManager" time="0.072" tests="5" errors="0" skipped="0" failures="0">
  <properties>
[...]
</properties>
  <testcase name="findByTypeOfMaterialTest" classname="ua.lviv.iot.toolShop.manager.TestManager" time="0.002"/>
  <testcase name="returnNotEmptyListTest" classname="ua.lviv.iot.toolShop.manager.TestManager" time="0"/>
  <testcase name="testSortToolsAsc" classname="ua.lviv.iot.toolShop.manager.TestManager" time="0"/>
  <testcase name="findByTypeTest" classname="ua.lviv.iot.toolShop.manager.TestManager" time="0"/>
  <testcase name="testSortToolsDesc" classname="ua.lviv.iot.toolShop.manager.TestManager" time="0"/>
</testsuite>